TN:
SF:src/Ej3/messageEventEmitter.ts
FN:8,<instance_members_initializer>
FN:9,MessageEventEmitter
FN:32,write
FNF:3
FNH:3
FNDA:4,<instance_members_initializer>
FNDA:4,MessageEventEmitter
FNDA:1,write
DA:1,1
DA:2,1
DA:3,1
DA:4,1
DA:5,1
DA:6,1
DA:7,1
DA:8,1
DA:9,4
DA:10,4
DA:11,4
DA:12,4
DA:13,4
DA:14,9
DA:15,9
DA:16,9
DA:17,9
DA:18,3
DA:19,3
DA:20,3
DA:21,1
DA:22,3
DA:23,1
DA:24,1
DA:25,1
DA:26,1
DA:27,3
DA:28,3
DA:29,4
DA:30,4
DA:31,4
DA:32,4
DA:33,1
DA:34,1
DA:35,4
LF:35
LH:35
BRDA:8,0,0,4
BRDA:9,1,0,4
BRDA:13,2,0,9
BRDA:17,3,0,3
BRDA:20,4,0,2
BRDA:20,5,0,1
BRDA:22,6,0,2
BRDA:22,7,0,1
BRDA:22,8,0,1
BRDA:32,9,0,1
BRF:10
BRH:10
end_of_record
